<?xml version="1.0" encoding="UTF-8"?>
<!-- Generated by org.testng.reporters.JUnitXMLReporter -->
<testsuite ignored="0" hostname="TBMDVSOWMYAR" failures="0" tests="5" name="Assignment Scenario" time="50.983" errors="0" timestamp="2023-09-12T08:24:43 IST">
  <testcase classname="in.assignment.test.AddToCart" name="searchProduct" time="2.234"/>
  <testcase classname="in.assignment.test.AddToCart" name="verifyPageTitle" time="0.203"/>
  <testcase classname="in.assignment.test.AddToCart" name="filterProductAndAddToCart" time="16.45"/>
  <testcase classname="in.assignment.test.AddToCart" name="filterProductAndAddToCart" time="13.751"/>
  <testcase classname="in.assignment.test.AddToCart" name="filterProductAndAddToCart" time="13.08"/>
</testsuite> <!-- Assignment Scenario -->
