<?xml version="1.0" encoding="UTF-8"?>
<testsuite xmlns:xsi="http://www.w3.org/2001/XMLSchema-instance" xsi:noNamespaceSchemaLocation="https://maven.apache.org/surefire/maven-surefire-plugin/xsd/surefire-test-report-3.0.xsd" version="3.0" name="TestSuite" time="54.629" tests="5" errors="0" skipped="0" failures="0">
  <properties>
[...]
</properties>
  <testcase name="searchProduct" classname="in.assignment.test.AddToCart" time="2.238"/>
  <testcase name="verifyPageTitle" classname="in.assignment.test.AddToCart" time="0.204"/>
  <testcase name="filterProductAndAddToCart" classname="in.assignment.test.AddToCart" time="16.45"/>
  <testcase name="filterProductAndAddToCart" classname="in.assignment.test.AddToCart" time="13.75"/>
  <testcase name="filterProductAndAddToCart" classname="in.assignment.test.AddToCart" time="13.081"/>
</testsuite>